[2022-05-17 08:17:32] local.ERROR: Please provide a valid cache path. {"exception":"[object] (InvalidArgumentException(code: 0): Please provide a valid cache path. at C:\\xampp\\htdocs\\eCommerce\\eCommwece\\vendor\\laravel\\framework\\src\\Illuminate\\View\\Compilers\\Compiler.php:53)
[stacktrace]
#0 C:\\xampp\\htdocs\\eCommerce\\eCommwece\\vendor\\laravel\\framework\\src\\Illuminate\\View\\ViewServiceProvider.php(92): Illuminate\\View\\Compilers\\Compiler->__construct(Object(Illuminate\\Filesystem\\Filesystem), false, '', true)
#1 C:\\xampp\\htdocs\\eCommerce\\eCommwece\\vendor\\laravel\\framework\\src\\Illuminate\\Container\\Container.php(871): Illuminate\\View\\ViewServiceProvider->Illuminate\\View\\{closure}(Object(Illuminate\\Foundation\\Application), Array)
#2 C:\\xampp\\htdocs\\eCommerce\\eCommwece\\vendor\\laravel\\framework\\src\\Illuminate\\Container\\Container.php(756): Illuminate\\Container\\Container->build(Object(Closure))
#3 C:\\xampp\\htdocs\\eCommerce\\eCommwece\\vendor\\laravel\\framework\\src\\Illuminate\\Foundation\\Application.php(855): Illuminate\\Container\\Container->resolve('blade.compiler', Array, true)
#4 C:\\xampp\\htdocs\\eCommerce\\eCommwece\\vendor\\laravel\\framework\\src\\Illuminate\\Container\\Container.php(692): Illuminate\\Foundation\\Application->resolve('blade.compiler', Array)
#5 C:\\xampp\\htdocs\\eCommerce\\eCommwece\\vendor\\laravel\\framework\\src\\Illuminate\\Foundation\\Application.php(840): Illuminate\\Container\\Container->make('blade.compiler', Array)
#6 C:\\xampp\\htdocs\\eCommerce\\eCommwece\\vendor\\laravel\\framework\\src\\Illuminate\\Container\\Container.php(1415): Illuminate\\Foundation\\Application->make('blade.compiler')
#7 C:\\xampp\\htdocs\\eCommerce\\eCommwece\\vendor\\laravel\\framework\\src\\Illuminate\\Support\\Facades\\Facade.php(222): Illuminate\\Container\\Container->offsetGet('blade.compiler')
#8 C:\\xampp\\htdocs\\eCommerce\\eCommwece\\vendor\\laravel\\framework\\src\\Illuminate\\Support\\Facades\\Facade.php(193): Illuminate\\Support\\Facades\\Facade::resolveFacadeInstance('blade.compiler')
#9 C:\\xampp\\htdocs\\eCommerce\\eCommwece\\vendor\\laravel\\framework\\src\\Illuminate\\Support\\Facades\\Facade.php(331): Illuminate\\Support\\Facades\\Facade::getFacadeRoot()
#10 C:\\xampp\\htdocs\\eCommerce\\eCommwece\\vendor\\inertiajs\\inertia-laravel\\src\\ServiceProvider.php(55): Illuminate\\Support\\Facades\\Facade::__callStatic('directive', Array)
#11 C:\\xampp\\htdocs\\eCommerce\\eCommwece\\vendor\\inertiajs\\inertia-laravel\\src\\ServiceProvider.php(45): Inertia\\ServiceProvider->registerBladeDirectives()
#12 C:\\xampp\\htdocs\\eCommerce\\eCommwece\\vendor\\laravel\\framework\\src\\Illuminate\\Container\\BoundMethod.php(36): Inertia\\ServiceProvider->boot()
#13 C:\\xampp\\htdocs\\eCommerce\\eCommwece\\vendor\\laravel\\framework\\src\\Illuminate\\Container\\Util.php(41): Illuminate\\Container\\BoundMethod::Illuminate\\Container\\{closure}()
#14 C:\\xampp\\htdocs\\eCommerce\\eCommwece\\vendor\\laravel\\framework\\src\\Illuminate\\Container\\BoundMethod.php(93): Illuminate\\Container\\Util::unwrapIfClosure(Object(Closure))
#15 C:\\xampp\\htdocs\\eCommerce\\eCommwece\\vendor\\laravel\\framework\\src\\Illuminate\\Container\\BoundMethod.php(37): Illuminate\\Container\\BoundMethod::callBoundMethod(Object(Illuminate\\Foundation\\Application), Array, Object(Closure))
#16 C:\\xampp\\htdocs\\eCommerce\\eCommwece\\vendor\\laravel\\framework\\src\\Illuminate\\Container\\Container.php(651): Illuminate\\Container\\BoundMethod::call(Object(Illuminate\\Foundation\\Application), Array, Array, NULL)
#17 C:\\xampp\\htdocs\\eCommerce\\eCommwece\\vendor\\laravel\\framework\\src\\Illuminate\\Foundation\\Application.php(928): Illuminate\\Container\\Container->call(Array)
#18 C:\\xampp\\htdocs\\eCommerce\\eCommwece\\vendor\\laravel\\framework\\src\\Illuminate\\Foundation\\Application.php(909): Illuminate\\Foundation\\Application->bootProvider(Object(Inertia\\ServiceProvider))
#19 [internal function]: Illuminate\\Foundation\\Application->Illuminate\\Foundation\\{closure}(Object(Inertia\\ServiceProvider), 15)
#20 C:\\xampp\\htdocs\\eCommerce\\eCommwece\\vendor\\laravel\\framework\\src\\Illuminate\\Foundation\\Application.php(910): array_walk(Array, Object(Closure))
#21 C:\\xampp\\htdocs\\eCommerce\\eCommwece\\vendor\\laravel\\framework\\src\\Illuminate\\Foundation\\Bootstrap\\BootProviders.php(17): Illuminate\\Foundation\\Application->boot()
#22 C:\\xampp\\htdocs\\eCommerce\\eCommwece\\vendor\\laravel\\framework\\src\\Illuminate\\Foundation\\Application.php(239): Illuminate\\Foundation\\Bootstrap\\BootProviders->bootstrap(Object(Illuminate\\Foundation\\Application))
#23 C:\\xampp\\htdocs\\eCommerce\\eCommwece\\vendor\\laravel\\framework\\src\\Illuminate\\Foundation\\Console\\Kernel.php(310): Illuminate\\Foundation\\Application->bootstrapWith(Array)
#24 C:\\xampp\\htdocs\\eCommerce\\eCommwece\\vendor\\laravel\\framework\\src\\Illuminate\\Foundation\\Console\\Kernel.php(127): Illuminate\\Foundation\\Console\\Kernel->bootstrap()
#25 C:\\xampp\\htdocs\\eCommerce\\eCommwece\\artisan(37): Illuminate\\Foundation\\Console\\Kernel->handle(Object(Symfony\\Component\\Console\\Input\\ArgvInput), Object(Symfony\\Component\\Console\\Output\\ConsoleOutput))
#26 {main}
"} 
[2022-05-17 08:17:38] local.ERROR: Please provide a valid cache path. {"exception":"[object] (InvalidArgumentException(code: 0): Please provide a valid cache path. at C:\\xampp\\htdocs\\eCommerce\\eCommwece\\vendor\\laravel\\framework\\src\\Illuminate\\View\\Compilers\\Compiler.php:53)
[stacktrace]
#0 C:\\xampp\\htdocs\\eCommerce\\eCommwece\\vendor\\laravel\\framework\\src\\Illuminate\\View\\ViewServiceProvider.php(92): Illuminate\\View\\Compilers\\Compiler->__construct(Object(Illuminate\\Filesystem\\Filesystem), false, '', true)
#1 C:\\xampp\\htdocs\\eCommerce\\eCommwece\\vendor\\laravel\\framework\\src\\Illuminate\\Container\\Container.php(871): Illuminate\\View\\ViewServiceProvider->Illuminate\\View\\{closure}(Object(Illuminate\\Foundation\\Application), Array)
#2 C:\\xampp\\htdocs\\eCommerce\\eCommwece\\vendor\\laravel\\framework\\src\\Illuminate\\Container\\Container.php(756): Illuminate\\Container\\Container->build(Object(Closure))
#3 C:\\xampp\\htdocs\\eCommerce\\eCommwece\\vendor\\laravel\\framework\\src\\Illuminate\\Foundation\\Application.php(855): Illuminate\\Container\\Container->resolve('blade.compiler', Array, true)
#4 C:\\xampp\\htdocs\\eCommerce\\eCommwece\\vendor\\laravel\\framework\\src\\Illuminate\\Container\\Container.php(692): Illuminate\\Foundation\\Application->resolve('blade.compiler', Array)
#5 C:\\xampp\\htdocs\\eCommerce\\eCommwece\\vendor\\laravel\\framework\\src\\Illuminate\\Foundation\\Application.php(840): Illuminate\\Container\\Container->make('blade.compiler', Array)
#6 C:\\xampp\\htdocs\\eCommerce\\eCommwece\\vendor\\laravel\\framework\\src\\Illuminate\\Container\\Container.php(1415): Illuminate\\Foundation\\Application->make('blade.compiler')
#7 C:\\xampp\\htdocs\\eCommerce\\eCommwece\\vendor\\laravel\\framework\\src\\Illuminate\\Support\\Facades\\Facade.php(222): Illuminate\\Container\\Container->offsetGet('blade.compiler')
#8 C:\\xampp\\htdocs\\eCommerce\\eCommwece\\vendor\\laravel\\framework\\src\\Illuminate\\Support\\Facades\\Facade.php(193): Illuminate\\Support\\Facades\\Facade::resolveFacadeInstance('blade.compiler')
#9 C:\\xampp\\htdocs\\eCommerce\\eCommwece\\vendor\\laravel\\framework\\src\\Illuminate\\Support\\Facades\\Facade.php(331): Illuminate\\Support\\Facades\\Facade::getFacadeRoot()
#10 C:\\xampp\\htdocs\\eCommerce\\eCommwece\\vendor\\inertiajs\\inertia-laravel\\src\\ServiceProvider.php(55): Illuminate\\Support\\Facades\\Facade::__callStatic('directive', Array)
#11 C:\\xampp\\htdocs\\eCommerce\\eCommwece\\vendor\\inertiajs\\inertia-laravel\\src\\ServiceProvider.php(45): Inertia\\ServiceProvider->registerBladeDirectives()
#12 C:\\xampp\\htdocs\\eCommerce\\eCommwece\\vendor\\laravel\\framework\\src\\Illuminate\\Container\\BoundMethod.php(36): Inertia\\ServiceProvider->boot()
#13 C:\\xampp\\htdocs\\eCommerce\\eCommwece\\vendor\\laravel\\framework\\src\\Illuminate\\Container\\Util.php(41): Illuminate\\Container\\BoundMethod::Illuminate\\Container\\{closure}()
#14 C:\\xampp\\htdocs\\eCommerce\\eCommwece\\vendor\\laravel\\framework\\src\\Illuminate\\Container\\BoundMethod.php(93): Illuminate\\Container\\Util::unwrapIfClosure(Object(Closure))
#15 C:\\xampp\\htdocs\\eCommerce\\eCommwece\\vendor\\laravel\\framework\\src\\Illuminate\\Container\\BoundMethod.php(37): Illuminate\\Container\\BoundMethod::callBoundMethod(Object(Illuminate\\Foundation\\Application), Array, Object(Closure))
#16 C:\\xampp\\htdocs\\eCommerce\\eCommwece\\vendor\\laravel\\framework\\src\\Illuminate\\Container\\Container.php(651): Illuminate\\Container\\BoundMethod::call(Object(Illuminate\\Foundation\\Application), Array, Array, NULL)
#17 C:\\xampp\\htdocs\\eCommerce\\eCommwece\\vendor\\laravel\\framework\\src\\Illuminate\\Foundation\\Application.php(928): Illuminate\\Container\\Container->call(Array)
#18 C:\\xampp\\htdocs\\eCommerce\\eCommwece\\vendor\\laravel\\framework\\src\\Illuminate\\Foundation\\Application.php(909): Illuminate\\Foundation\\Application->bootProvider(Object(Inertia\\ServiceProvider))
#19 [internal function]: Illuminate\\Foundation\\Application->Illuminate\\Foundation\\{closure}(Object(Inertia\\ServiceProvider), 15)
#20 C:\\xampp\\htdocs\\eCommerce\\eCommwece\\vendor\\laravel\\framework\\src\\Illuminate\\Foundation\\Application.php(910): array_walk(Array, Object(Closure))
#21 C:\\xampp\\htdocs\\eCommerce\\eCommwece\\vendor\\laravel\\framework\\src\\Illuminate\\Foundation\\Bootstrap\\BootProviders.php(17): Illuminate\\Foundation\\Application->boot()
#22 C:\\xampp\\htdocs\\eCommerce\\eCommwece\\vendor\\laravel\\framework\\src\\Illuminate\\Foundation\\Application.php(239): Illuminate\\Foundation\\Bootstrap\\BootProviders->bootstrap(Object(Illuminate\\Foundation\\Application))
#23 C:\\xampp\\htdocs\\eCommerce\\eCommwece\\vendor\\laravel\\framework\\src\\Illuminate\\Foundation\\Console\\Kernel.php(310): Illuminate\\Foundation\\Application->bootstrapWith(Array)
#24 C:\\xampp\\htdocs\\eCommerce\\eCommwece\\vendor\\laravel\\framework\\src\\Illuminate\\Foundation\\Console\\Kernel.php(127): Illuminate\\Foundation\\Console\\Kernel->bootstrap()
#25 C:\\xampp\\htdocs\\eCommerce\\eCommwece\\artisan(37): Illuminate\\Foundation\\Console\\Kernel->handle(Object(Symfony\\Component\\Console\\Input\\ArgvInput), Object(Symfony\\Component\\Console\\Output\\ConsoleOutput))
#26 {main}
"} 
